0 verbose cli /usr/local/bin/node /usr/local/bin/npm
1 info using npm@10.9.2
2 info using node@v23.11.1
3 silly config load:file:/usr/local/lib/node_modules/npm/npmrc
4 silly config load:file:/home/container/.npmrc
5 silly config load:file:/usr/local/etc/npmrc
6 verbose title npm install
7 verbose argv "install"
8 verbose logfile logs-max:10 dir:/home/container/.npm/_logs/2026-03-15T13_57_45_299Z-
9 verbose logfile /home/container/.npm/_logs/2026-03-15T13_57_45_299Z-debug-0.log
10 silly logfile done cleaning log files
11 silly packumentCache heap:614203392 maxSize:153550848 maxEntrySize:76775424
12 silly idealTree buildDeps
13 silly fetch manifest gcp-metadata@^7.0.1
14 silly packumentCache full:https://registry.npmjs.org/gcp-metadata cache-miss
15 http fetch GET 200 https://registry.npmjs.org/gcp-metadata 2193ms (cache revalidated)
16 silly packumentCache full:https://registry.npmjs.org/gcp-metadata set size:191448 disposed:false
17 silly placeDep node_modules/mongoose gcp-metadata@7.0.1 OK for: mongodb@7.1.0 want: ^7.0.1
18 silly reify moves {}
19 silly audit bulk request {
19 silly audit   '@borewit/text-codec': [ '0.2.2' ],
19 silly audit   '@cacheable/memory': [ '2.0.8' ],
19 silly audit   '@cacheable/node-cache': [ '1.7.6' ],
19 silly audit   '@cacheable/utils': [ '2.4.0' ],
19 silly audit   '@derhuerst/http-basic': [ '8.2.4' ],
19 silly audit   '@emnapi/runtime': [ '1.9.0' ],
19 silly audit   '@google/genai': [ '1.45.0' ],
19 silly audit   '@google/generative-ai': [ '0.24.1' ],
19 silly audit   '@hapi/boom': [ '10.0.1' ],
19 silly audit   '@hapi/hoek': [ '11.0.7' ],
19 silly audit   '@img/colour': [ '1.1.0' ],
19 silly audit   '@img/sharp-darwin-arm64': [ '0.34.5' ],
19 silly audit   '@img/sharp-darwin-x64': [ '0.34.5' ],
19 silly audit   '@img/sharp-libvips-darwin-arm64': [ '1.2.4' ],
19 silly audit   '@img/sharp-libvips-darwin-x64': [ '1.2.4' ],
19 silly audit   '@img/sharp-libvips-linux-arm': [ '1.2.4' ],
19 silly audit   '@img/sharp-libvips-linux-arm64': [ '1.2.4' ],
19 silly audit   '@img/sharp-libvips-linux-ppc64': [ '1.2.4' ],
19 silly audit   '@img/sharp-libvips-linux-riscv64': [ '1.2.4' ],
19 silly audit   '@img/sharp-libvips-linux-s390x': [ '1.2.4' ],
19 silly audit   '@img/sharp-libvips-linux-x64': [ '1.2.4' ],
19 silly audit   '@img/sharp-libvips-linuxmusl-arm64': [ '1.2.4' ],
19 silly audit   '@img/sharp-libvips-linuxmusl-x64': [ '1.2.4' ],
19 silly audit   '@img/sharp-linux-arm': [ '0.34.5' ],
19 silly audit   '@img/sharp-linux-arm64': [ '0.34.5' ],
19 silly audit   '@img/sharp-linux-ppc64': [ '0.34.5' ],
19 silly audit   '@img/sharp-linux-riscv64': [ '0.34.5' ],
19 silly audit   '@img/sharp-linux-s390x': [ '0.34.5' ],
19 silly audit   '@img/sharp-linux-x64': [ '0.34.5' ],
19 silly audit   '@img/sharp-linuxmusl-arm64': [ '0.34.5' ],
19 silly audit   '@img/sharp-linuxmusl-x64': [ '0.34.5' ],
19 silly audit   '@img/sharp-wasm32': [ '0.34.5' ],
19 silly audit   '@img/sharp-win32-arm64': [ '0.34.5' ],
19 silly audit   '@img/sharp-win32-ia32': [ '0.34.5' ],
19 silly audit   '@img/sharp-win32-x64': [ '0.34.5' ],
19 silly audit   '@isaacs/cliui': [ '8.0.2' ],
19 silly audit   '@jsep-plugin/assignment': [ '1.3.0' ],
19 silly audit   '@jsep-plugin/regex': [ '1.0.4' ],
19 silly audit   '@keyv/bigmap': [ '1.3.1' ],
19 silly audit   '@keyv/serialize': [ '1.1.1' ],
19 silly audit   '@mongodb-js/saslprep': [ '1.4.6' ],
19 silly audit   '@pinojs/redact': [ '0.4.0' ],
19 silly audit   '@pkgjs/parseargs': [ '0.11.0' ],
19 silly audit   '@protobufjs/aspromise': [ '1.1.2' ],
19 silly audit   '@protobufjs/base64': [ '1.1.2' ],
19 silly audit   '@protobufjs/codegen': [ '2.0.4' ],
19 silly audit   '@protobufjs/eventemitter': [ '1.1.0' ],
19 silly audit   '@protobufjs/fetch': [ '1.1.0' ],
19 silly audit   '@protobufjs/float': [ '1.0.2' ],
19 silly audit   '@protobufjs/inquire': [ '1.1.0' ],
19 silly audit   '@protobufjs/path': [ '1.1.2' ],
19 silly audit   '@protobufjs/pool': [ '1.1.0' ],
19 silly audit   '@protobufjs/utf8': [ '1.1.0' ],
19 silly audit   '@tokenizer/inflate': [ '0.4.1' ],
19 silly audit   'token-types': [ '6.1.2', '5.0.1' ],
19 silly audit   '@tokenizer/token': [ '0.3.0' ],
19 silly audit   '@types/long': [ '4.0.2' ],
19 silly audit   '@types/node': [ '10.17.60', '25.5.0' ],
19 silly audit   '@types/retry': [ '0.12.0' ],
19 silly audit   '@types/webidl-conversions': [ '7.0.3' ],
19 silly audit   '@types/whatwg-url': [ '13.0.0' ],
19 silly audit   'abort-controller': [ '3.0.0' ],
19 silly audit   'agent-base': [ '6.0.2', '7.1.4' ],
19 silly audit   'ansi-regex': [ '6.2.2', '3.0.1', '5.0.1' ],
19 silly audit   'ansi-styles': [ '6.2.3', '4.3.0' ],
19 silly audit   'async-mutex': [ '0.5.0' ],
19 silly audit   'async.parallellimit': [ '0.5.2' ],
19 silly audit   'async.util.eachoflimit': [ '0.5.2' ],
19 silly audit   'async.util.isarray': [ '0.5.2' ],
19 silly audit   'async.util.isarraylike': [ '0.5.2' ],
19 silly audit   'async.util.keyiterator': [ '0.5.2' ],
19 silly audit   'async.util.keys': [ '0.5.2' ],
19 silly audit   'async.util.noop': [ '0.5.2' ],
19 silly audit   'async.util.once': [ '0.5.2' ],
19 silly audit   'async.util.onlyonce': [ '0.5.2' ],
19 silly audit   'async.util.parallel': [ '0.5.2' ],
19 silly audit   'async.util.restparam': [ '0.5.2' ],
19 silly audit   asynckit: [ '0.4.0' ],
19 silly audit   'atomic-sleep': [ '1.0.0' ],
19 silly audit   axios: [ '1.13.6' ],
19 silly audit   levitation: [ '26.1.1' ],
19 silly audit   'balanced-match': [ '1.0.2' ],
19 silly audit   'base64-js': [ '1.5.1' ],
19 silly audit   'bignumber.js': [ '9.3.1' ],
19 silly audit   boolbase: [ '1.0.0' ],
19 silly audit   boolstring: [ '2.0.1' ],
19 silly audit   'brace-expansion': [ '2.0.2', '1.1.12' ],
19 silly audit   bson: [ '7.2.0' ],
19 silly audit   buffer: [ '6.0.3' ],
19 silly audit   'buffer-equal-constant-time': [ '1.0.1' ],
19 silly audit   'buffer-from': [ '1.1.2' ],
19 silly audit   cacheable: [ '2.3.3' ],
19 silly audit   'call-bind-apply-helpers': [ '1.0.2' ],
19 silly audit   caseless: [ '0.12.0' ],
19 silly audit   cheerio: [ '1.2.0' ],
19 silly audit   'cheerio-select': [ '2.1.0' ],
19 silly audit   'color-convert': [ '2.0.1' ],
19 silly audit   'color-name': [ '1.1.4' ],
19 silly audit   colorette: [ '2.0.20' ],
19 silly audit   'combined-stream': [ '1.0.8' ],
19 silly audit   'concat-map': [ '0.0.1' ],
19 silly audit   'concat-stream': [ '2.0.0' ],
19 silly audit   'content-type': [ '1.0.5' ],
19 silly audit   'cross-spawn': [ '7.0.6' ],
19 silly audit   'css-select': [ '5.2.2' ],
19 silly audit   'css-what': [ '6.2.2' ],
19 silly audit   'curve25519-js': [ '0.0.4' ],
19 silly audit   dasu: [ '0.4.3' ],
19 silly audit   'data-uri-to-buffer': [ '4.0.1' ],
19 silly audit   dateformat: [ '4.6.3' ],
19 silly audit   debug: [ '4.4.3' ],
19 silly audit   'delayed-stream': [ '1.0.0' ],
19 silly audit   'detect-libc': [ '2.1.2' ],
19 silly audit   'dom-serializer': [ '2.0.0' ],
19 silly audit   domelementtype: [ '2.3.0' ],
19 silly audit   domhandler: [ '5.0.3' ],
19 silly audit   domutils: [ '3.2.2' ],
19 silly audit   'dunder-proto': [ '1.0.1' ],
19 silly audit   eastasianwidth: [ '0.2.0' ],
19 silly audit   'ecdsa-sig-formatter': [ '1.0.11' ],
19 silly audit   'emoji-regex': [ '9.2.2', '8.0.0' ],
19 silly audit   'encoding-sniffer': [ '0.2.1' ],
19 silly audit   'end-of-stream': [ '1.4.5' ],
19 silly audit   entities: [ '4.5.0', '7.0.1', '6.0.1' ],
19 silly audit   'env-paths': [ '2.2.1' ],
19 silly audit   'es-define-property': [ '1.0.1' ],
19 silly audit   'es-errors': [ '1.3.0' ],
19 silly audit   'es-object-atoms': [ '1.1.1' ],
19 silly audit   'es-set-tostringtag': [ '2.1.0' ],
19 silly audit   'event-target-shim': [ '5.0.1' ],
19 silly audit   eventemitter3: [ '5.0.4' ],
19 silly audit   events: [ '3.3.0' ],
19 silly audit   extend: [ '3.0.2' ],
19 silly audit   'fast-copy': [ '4.0.2' ],
19 silly audit   'fast-safe-stringify': [ '2.1.1' ],
19 silly audit   'fetch-blob': [ '3.2.0' ],
19 silly audit   'ffmpeg-static': [ '5.3.0' ],
19 silly audit   'file-type': [ '18.7.0', '21.3.2' ],
19 silly audit   'follow-redirects': [ '1.15.11' ],
19 silly audit   'foreground-child': [ '3.3.1' ],
19 silly audit   'form-data': [ '4.0.5' ],
19 silly audit   'formdata-polyfill': [ '4.0.10' ],
19 silly audit   'fs-extra': [ '11.3.4' ],
19 silly audit   'function-bind': [ '1.1.2' ],
19 silly audit   gaxios: [ '7.1.3' ],
19 silly audit   'https-proxy-agent': [ '7.0.6', '5.0.1' ],
19 silly audit   'gcp-metadata': [ '8.1.2', '7.0.1' ],
19 silly audit   'get-intrinsic': [ '1.3.0' ],
19 silly audit   'get-proto': [ '1.0.1' ],
19 silly audit   glob: [ '10.5.0' ],
19 silly audit   'google-auth-library': [ '10.6.1' ],
19 silly audit   'google-logging-utils': [ '1.1.3' ],
19 silly audit   gopd: [ '1.2.0' ],
19 silly audit   'graceful-fs': [ '4.2.11' ],
19 silly audit   'has-symbols': [ '1.1.0' ],
19 silly audit   'has-tostringtag': [ '1.0.2' ],
19 silly audit   hashery: [ '1.5.0' ],
19 silly audit   hasown: [ '2.0.2' ],
19 silly audit   'help-me': [ '5.0.0' ],
19 silly audit   hookified: [ '1.15.1' ],
19 silly audit   htmlparser2: [ '10.1.0' ],
19 silly audit   'http-response-object': [ '3.0.2' ],
19 silly audit   'human-time': [ '0.0.2' ],
19 silly audit   'iconv-lite': [ '0.6.3' ],
19 silly audit   ieee754: [ '1.2.1' ],
19 silly audit   inherits: [ '2.0.4' ],
19 silly audit   'is-fullwidth-code-point': [ '3.0.0', '2.0.0' ],
19 silly audit   isexe: [ '2.0.0' ],
19 silly audit   jackspeak: [ '3.4.3' ],
19 silly audit   joycon: [ '3.1.1' ],
19 silly audit   jsep: [ '1.4.0' ],
19 silly audit   'json-bigint': [ '1.0.0' ],
19 silly audit   jsonfile: [ '6.2.0' ],
19 silly audit   'jsonpath-plus': [ '10.3.0' ],
19 silly audit   jwa: [ '2.0.1' ],
19 silly audit   jws: [ '4.0.1' ],
19 silly audit   kareem: [ '3.2.0' ],
19 silly audit   keypress: [ '0.2.1' ],
19 silly audit   keyv: [ '5.6.0' ],
19 silly audit   '@whiskeysockets/libsignal-node': [ '2.0.1' ],
19 silly audit   long: [ '4.0.0', '5.3.2' ],
19 silly audit   protobufjs: [ '6.8.8', '7.5.4' ],
19 silly audit   'math-intrinsics': [ '1.1.0' ],
19 silly audit   'media-typer': [ '1.1.0' ],
19 silly audit   'memory-pager': [ '1.5.0' ],
19 silly audit   'mime-db': [ '1.52.0' ],
19 silly audit   'mime-types': [ '2.1.35' ],
19 silly audit   'mimic-fn': [ '2.1.0' ],
19 silly audit   minimatch: [ '9.0.9', '3.0.8' ],
19 silly audit   minimist: [ '1.2.8' ],
19 silly audit   minipass: [ '7.1.3' ],
19 silly audit   'mongodb-connection-string-url': [ '7.0.1' ],
19 silly audit   mongoose: [ '9.3.0' ],
19 silly audit   mongodb: [ '7.1.0' ],
19 silly audit   mpath: [ '0.9.0' ],
19 silly audit   mquery: [ '6.0.0' ],
19 silly audit   ms: [ '2.1.3' ],
19 silly audit   'music-metadata': [ '11.12.3' ],
19 silly audit   strtok3: [ '10.3.4', '7.1.1' ],
19 silly audit   'node-domexception': [ '1.0.0' ],
19 silly audit   'node-fetch': [ '3.3.2' ],
19 silly audit   'node-fzf': [ '0.14.0' ],
19 silly audit   'string-width': [ '2.1.1', '5.1.2', '4.2.3' ],
19 silly audit   'strip-ansi': [ '4.0.0', '6.0.1', '7.2.0' ],
19 silly audit   'node-webpmux': [ '3.2.1' ],
19 silly audit   'nth-check': [ '2.1.1' ],
19 silly audit   'on-exit-leak-free': [ '2.1.2' ],
19 silly audit   once: [ '1.4.0' ],
19 silly audit   onetime: [ '5.1.2' ],
19 silly audit   'p-queue': [ '9.1.0' ],
19 silly audit   'p-retry': [ '4.6.2' ],
19 silly audit   'p-timeout': [ '7.0.1' ],
19 silly audit   'package-json-from-dist': [ '1.0.1' ],
19 silly audit   'parse-cache-control': [ '1.0.1' ],
19 silly audit   parse5: [ '7.3.0' ],
19 silly audit   'parse5-htmlparser2-tree-adapter': [ '7.1.0' ],
19 silly audit   'parse5-parser-stream': [ '7.1.2' ],
19 silly audit   'path-key': [ '3.1.1' ],
19 silly audit   'path-scurry': [ '1.11.1' ],
19 silly audit   'lru-cache': [ '10.4.3' ],
19 silly audit   'peek-readable': [ '5.4.2' ],
19 silly audit   picocolors: [ '1.1.1' ],
19 silly audit   pino: [ '10.3.1' ],
19 silly audit   'pino-abstract-transport': [ '3.0.0' ],
19 silly audit   'pino-pretty': [ '13.1.3' ],
19 silly audit   'pino-std-serializers': [ '7.1.0' ],
19 silly audit   prettier: [ '3.8.1' ],
19 silly audit   process: [ '0.11.10' ],
19 silly audit   'process-warning': [ '5.0.0' ],
19 silly audit   progress: [ '2.0.3' ],
19 silly audit   'proxy-from-env': [ '1.1.0' ],
19 silly audit   pump: [ '3.0.4' ],
19 silly audit   punycode: [ '2.3.1' ],
19 silly audit   qified: [ '0.6.0' ],
19 silly audit   'quick-format-unescaped': [ '4.0.4' ],
19 silly audit   'readable-stream': [ '3.6.2', '4.7.0' ],
19 silly audit   'readable-web-to-node-stream': [ '3.0.4' ],
19 silly audit   'real-require': [ '0.2.0' ],
19 silly audit   redstar: [ '0.0.2' ],
19 silly audit   'restore-cursor': [ '3.1.0' ],
19 silly audit   'signal-exit': [ '3.0.7', '4.1.0' ],
19 silly audit   retry: [ '0.13.1' ],
19 silly audit   rimraf: [ '5.0.10' ],
19 silly audit   'safe-buffer': [ '5.2.1' ],
19 silly audit   'safe-stable-stringify': [ '2.5.0' ],
19 silly audit   'safer-buffer': [ '2.1.2' ],
19 silly audit   'secure-json-parse': [ '4.1.0' ],
19 silly audit   semver: [ '7.7.4' ],
19 silly audit   sharp: [ '0.34.5' ],
19 silly audit   'shebang-command': [ '2.0.0' ],
19 silly audit   'shebang-regex': [ '3.0.0' ],
19 silly audit   sift: [ '17.1.3' ],
19 silly audit   'sonic-boom': [ '4.2.1' ],
19 silly audit   'sparse-bitfield': [ '3.0.3' ],
19 silly audit   split2: [ '4.2.0' ],
19 silly audit   string_decoder: [ '1.3.0' ],
19 silly audit   'strip-json-comments': [ '5.0.3' ],
19 silly audit   'thread-stream': [ '4.0.0' ],
19 silly audit   tr46: [ '5.1.1' ],
19 silly audit   tslib: [ '2.8.1' ],
19 silly audit   ttys: [ '0.0.3' ],
19 silly audit   typedarray: [ '0.0.6' ],
19 silly audit   'uint8array-extras': [ '1.5.0' ],
19 silly audit   undici: [ '7.24.3' ],
19 silly audit   'undici-types': [ '7.18.2' ],
19 silly audit   universalify: [ '2.0.1' ],
19 silly audit   'util-deprecate': [ '1.0.2' ],
19 silly audit   'web-streams-polyfill': [ '3.3.3' ],
19 silly audit   'webidl-conversions': [ '7.0.0' ],
19 silly audit   'whatwg-encoding': [ '3.1.1' ],
19 silly audit   'whatwg-mimetype': [ '4.0.0' ],
19 silly audit   'whatwg-url': [ '14.2.0' ],
19 silly audit   which: [ '2.0.2' ],
19 silly audit   'win-guid': [ '0.2.1' ],
19 silly audit   'wrap-ansi': [ '8.1.0', '7.0.0' ],
19 silly audit   wrappy: [ '1.0.2' ],
19 silly audit   ws: [ '8.19.0' ],
19 silly audit   'yt-search': [ '2.13.1' ]
19 silly audit }
20 verbose reify failed optional dependency /home/container/node_modules/@img/sharp-win32-x64
21 silly reify mark deleted [ '/home/container/node_modules/@img/sharp-win32-x64' ]
22 verbose reify failed optional dependency /home/container/node_modules/@img/sharp-win32-ia32
23 silly reify mark deleted [ '/home/container/node_modules/@img/sharp-win32-ia32' ]
24 verbose reify failed optional dependency /home/container/node_modules/@img/sharp-win32-arm64
25 silly reify mark deleted [ '/home/container/node_modules/@img/sharp-win32-arm64' ]
26 verbose reify failed optional dependency /home/container/node_modules/@img/sharp-wasm32
27 silly reify mark deleted [ '/home/container/node_modules/@img/sharp-wasm32' ]
28 verbose reify failed optional dependency /home/container/node_modules/@emnapi/runtime
29 silly reify mark deleted [ '/home/container/node_modules/@emnapi/runtime' ]
30 verbose reify failed optional dependency /home/container/node_modules/@img/sharp-linuxmusl-arm64
31 silly reify mark deleted [ '/home/container/node_modules/@img/sharp-linuxmusl-arm64' ]
32 verbose reify failed optional dependency /home/container/node_modules/@img/sharp-linux-s390x
33 silly reify mark deleted [ '/home/container/node_modules/@img/sharp-linux-s390x' ]
34 verbose reify failed optional dependency /home/container/node_modules/@img/sharp-linux-riscv64
35 silly reify mark deleted [ '/home/container/node_modules/@img/sharp-linux-riscv64' ]
36 verbose reify failed optional dependency /home/container/node_modules/@img/sharp-linux-ppc64
37 silly reify mark deleted [ '/home/container/node_modules/@img/sharp-linux-ppc64' ]
38 verbose reify failed optional dependency /home/container/node_modules/@img/sharp-linux-arm64
39 silly reify mark deleted [ '/home/container/node_modules/@img/sharp-linux-arm64' ]
40 verbose reify failed optional dependency /home/container/node_modules/@img/sharp-linux-arm
41 silly reify mark deleted [ '/home/container/node_modules/@img/sharp-linux-arm' ]
42 verbose reify failed optional dependency /home/container/node_modules/@img/sharp-libvips-linuxmusl-arm64
43 silly reify mark deleted [ '/home/container/node_modules/@img/sharp-libvips-linuxmusl-arm64' ]
44 verbose reify failed optional dependency /home/container/node_modules/@img/sharp-libvips-linux-s390x
45 silly reify mark deleted [ '/home/container/node_modules/@img/sharp-libvips-linux-s390x' ]
46 verbose reify failed optional dependency /home/container/node_modules/@img/sharp-libvips-linux-riscv64
47 silly reify mark deleted [ '/home/container/node_modules/@img/sharp-libvips-linux-riscv64' ]
48 verbose reify failed optional dependency /home/container/node_modules/@img/sharp-libvips-linux-ppc64
49 silly reify mark deleted [ '/home/container/node_modules/@img/sharp-libvips-linux-ppc64' ]
50 verbose reify failed optional dependency /home/container/node_modules/@img/sharp-libvips-linux-arm64
51 silly reify mark deleted [ '/home/container/node_modules/@img/sharp-libvips-linux-arm64' ]
52 verbose reify failed optional dependency /home/container/node_modules/@img/sharp-libvips-linux-arm
53 silly reify mark deleted [ '/home/container/node_modules/@img/sharp-libvips-linux-arm' ]
54 verbose reify failed optional dependency /home/container/node_modules/@img/sharp-libvips-darwin-x64
55 silly reify mark deleted [ '/home/container/node_modules/@img/sharp-libvips-darwin-x64' ]
56 verbose reify failed optional dependency /home/container/node_modules/@img/sharp-libvips-darwin-arm64
57 silly reify mark deleted [ '/home/container/node_modules/@img/sharp-libvips-darwin-arm64' ]
58 verbose reify failed optional dependency /home/container/node_modules/@img/sharp-darwin-x64
59 silly reify mark deleted [ '/home/container/node_modules/@img/sharp-darwin-x64' ]
60 verbose reify failed optional dependency /home/container/node_modules/@img/sharp-darwin-arm64
61 silly reify mark deleted [ '/home/container/node_modules/@img/sharp-darwin-arm64' ]
62 http cache @emnapi/runtime@https://registry.npmjs.org/@emnapi/runtime/-/runtime-1.9.0.tgz 1ms (cache hit)
63 http cache gcp-metadata@https://registry.npmjs.org/gcp-metadata/-/gcp-metadata-7.0.1.tgz 0ms (cache hit)
64 silly tarball no local data for @emnapi/runtime@https://registry.npmjs.org/@emnapi/runtime/-/runtime-1.9.0.tgz. Extracting by manifest.
65 silly tarball no local data for gcp-metadata@https://registry.npmjs.org/gcp-metadata/-/gcp-metadata-7.0.1.tgz. Extracting by manifest.
66 http fetch POST 200 https://registry.npmjs.org/-/npm/v1/security/advisories/bulk 697ms
67 silly audit report {
67 silly audit report   'file-type': [
67 silly audit report     {
67 silly audit report       id: 1114301,
67 silly audit report       url: 'https://github.com/advisories/GHSA-5v7r-6r5c-r473',
67 silly audit report       title: 'file-type affected by infinite loop in ASF parser on malformed input with zero-size sub-header',
67 silly audit report       severity: 'moderate',
67 silly audit report       vulnerable_versions: '>=13.0.0 <21.3.1',
67 silly audit report       cwe: [Array],
67 silly audit report       cvss: [Object]
67 silly audit report     }
67 silly audit report   ],
67 silly audit report   minimatch: [
67 silly audit report     {
67 silly audit report       id: 1113459,
67 silly audit report       url: 'https://github.com/advisories/GHSA-3ppc-4f35-3m26',
67 silly audit report       title: 'minimatch has a ReDoS via repeated wildcards with non-matching literal in pattern',
67 silly audit report       severity: 'high',
67 silly audit report       vulnerable_versions: '<3.1.3',
67 silly audit report       cwe: [Array],
67 silly audit report       cvss: [Object]
67 silly audit report     },
67 silly audit report     {
67 silly audit report       id: 1113538,
67 silly audit report       url: 'https://github.com/advisories/GHSA-7r86-cg39-jmmj',
67 silly audit report       title: 'minimatch has ReDoS: matchOne() combinatorial backtracking via multiple non-adjacent GLOBSTAR segments',
67 silly audit report       severity: 'high',
67 silly audit report       vulnerable_versions: '<3.1.3',
67 silly audit report       cwe: [Array],
67 silly audit report       cvss: [Object]
67 silly audit report     },
67 silly audit report     {
67 silly audit report       id: 1113546,
67 silly audit report       url: 'https://github.com/advisories/GHSA-23c5-xmqv-rm74',
67 silly audit report       title: 'minimatch ReDoS: nested *() extglobs generate catastrophically backtracking regular expressions',
67 silly audit report       severity: 'high',
67 silly audit report       vulnerable_versions: '<3.1.4',
67 silly audit report       cwe: [Array],
67 silly audit report       cvss: [Object]
67 silly audit report     }
67 silly audit report   ]
67 silly audit report }
68 silly packumentCache corgi:https://registry.npmjs.org/file-type cache-miss
69 silly packumentCache corgi:https://registry.npmjs.org/minimatch cache-miss
70 http fetch GET 200 https://registry.npmjs.org/file-type 530ms (cache revalidated)
71 silly packumentCache corgi:https://registry.npmjs.org/file-type set size:194813 disposed:false
72 http fetch GET 200 https://registry.npmjs.org/minimatch 714ms (cache revalidated)
73 silly packumentCache corgi:https://registry.npmjs.org/minimatch set size:167610 disposed:false
74 silly packumentCache corgi:https://registry.npmjs.org/redstar cache-miss
75 http fetch GET 200 https://registry.npmjs.org/gcp-metadata/-/gcp-metadata-7.0.1.tgz 1423ms (cache miss)
76 http fetch GET 200 https://registry.npmjs.org/redstar 304ms (cache revalidated)
77 silly packumentCache corgi:https://registry.npmjs.org/redstar set size:1262 disposed:false
78 silly packumentCache corgi:https://registry.npmjs.org/node-fzf cache-miss
79 http fetch GET 200 https://registry.npmjs.org/node-fzf 195ms (cache revalidated)
80 silly packumentCache corgi:https://registry.npmjs.org/node-fzf set size:42290 disposed:false
81 silly packumentCache corgi:https://registry.npmjs.org/yt-search cache-miss
82 http fetch GET 200 https://registry.npmjs.org/@emnapi/runtime/-/runtime-1.9.0.tgz 1721ms (cache miss)
83 http fetch GET 200 https://registry.npmjs.org/yt-search 2479ms (cache revalidated)
84 silly packumentCache corgi:https://registry.npmjs.org/yt-search set size:126336 disposed:false
85 silly ADD
86 silly ADD
87 silly ADD
88 silly ADD
89 silly ADD
90 silly ADD
91 silly ADD
92 silly ADD
93 silly ADD
94 silly ADD
95 silly ADD
96 silly ADD
97 silly ADD
98 silly ADD
99 silly ADD
100 silly ADD
101 silly ADD
102 silly ADD
103 silly ADD
104 silly ADD
105 silly ADD
106 silly ADD node_modules/mongoose/node_modules/gcp-metadata
107 verbose cwd /home/container
108 verbose os Linux 5.15.0-171-generic
109 verbose node v23.11.1
110 verbose npm  v10.9.2
111 verbose exit 0
112 info ok
