0 verbose cli /usr/local/bin/node /usr/local/bin/npm
1 info using npm@10.9.2
2 info using node@v23.11.1
3 silly config load:file:/usr/local/lib/node_modules/npm/npmrc
4 silly config load:file:/home/container/.npmrc
5 silly config load:file:/usr/local/etc/npmrc
6 verbose title npm install
7 verbose argv "install"
8 verbose logfile logs-max:10 dir:/home/container/.npm/_logs/2026-03-15T14_13_30_821Z-
9 verbose logfile /home/container/.npm/_logs/2026-03-15T14_13_30_821Z-debug-0.log
10 silly logfile done cleaning log files
11 silly packumentCache heap:614203392 maxSize:153550848 maxEntrySize:76775424
12 silly idealTree buildDeps
13 silly reify moves {}
14 silly audit bulk request {
14 silly audit   '@borewit/text-codec': [ '0.2.2' ],
14 silly audit   '@cacheable/memory': [ '2.0.8' ],
14 silly audit   '@cacheable/node-cache': [ '1.7.6' ],
14 silly audit   '@cacheable/utils': [ '2.4.0' ],
14 silly audit   '@derhuerst/http-basic': [ '8.2.4' ],
14 silly audit   '@emnapi/runtime': [ '1.9.0' ],
14 silly audit   '@google/genai': [ '1.45.0' ],
14 silly audit   '@google/generative-ai': [ '0.24.1' ],
14 silly audit   '@hapi/boom': [ '10.0.1' ],
14 silly audit   '@hapi/hoek': [ '11.0.7' ],
14 silly audit   '@img/colour': [ '1.1.0' ],
14 silly audit   '@img/sharp-darwin-arm64': [ '0.34.5' ],
14 silly audit   '@img/sharp-darwin-x64': [ '0.34.5' ],
14 silly audit   '@img/sharp-libvips-darwin-arm64': [ '1.2.4' ],
14 silly audit   '@img/sharp-libvips-darwin-x64': [ '1.2.4' ],
14 silly audit   '@img/sharp-libvips-linux-arm': [ '1.2.4' ],
14 silly audit   '@img/sharp-libvips-linux-arm64': [ '1.2.4' ],
14 silly audit   '@img/sharp-libvips-linux-ppc64': [ '1.2.4' ],
14 silly audit   '@img/sharp-libvips-linux-riscv64': [ '1.2.4' ],
14 silly audit   '@img/sharp-libvips-linux-s390x': [ '1.2.4' ],
14 silly audit   '@img/sharp-libvips-linux-x64': [ '1.2.4' ],
14 silly audit   '@img/sharp-libvips-linuxmusl-arm64': [ '1.2.4' ],
14 silly audit   '@img/sharp-libvips-linuxmusl-x64': [ '1.2.4' ],
14 silly audit   '@img/sharp-linux-arm': [ '0.34.5' ],
14 silly audit   '@img/sharp-linux-arm64': [ '0.34.5' ],
14 silly audit   '@img/sharp-linux-ppc64': [ '0.34.5' ],
14 silly audit   '@img/sharp-linux-riscv64': [ '0.34.5' ],
14 silly audit   '@img/sharp-linux-s390x': [ '0.34.5' ],
14 silly audit   '@img/sharp-linux-x64': [ '0.34.5' ],
14 silly audit   '@img/sharp-linuxmusl-arm64': [ '0.34.5' ],
14 silly audit   '@img/sharp-linuxmusl-x64': [ '0.34.5' ],
14 silly audit   '@img/sharp-wasm32': [ '0.34.5' ],
14 silly audit   '@img/sharp-win32-arm64': [ '0.34.5' ],
14 silly audit   '@img/sharp-win32-ia32': [ '0.34.5' ],
14 silly audit   '@img/sharp-win32-x64': [ '0.34.5' ],
14 silly audit   '@isaacs/cliui': [ '8.0.2' ],
14 silly audit   '@jsep-plugin/assignment': [ '1.3.0' ],
14 silly audit   '@jsep-plugin/regex': [ '1.0.4' ],
14 silly audit   '@keyv/bigmap': [ '1.3.1' ],
14 silly audit   '@keyv/serialize': [ '1.1.1' ],
14 silly audit   '@mongodb-js/saslprep': [ '1.4.6' ],
14 silly audit   '@pinojs/redact': [ '0.4.0' ],
14 silly audit   '@pkgjs/parseargs': [ '0.11.0' ],
14 silly audit   '@protobufjs/aspromise': [ '1.1.2' ],
14 silly audit   '@protobufjs/base64': [ '1.1.2' ],
14 silly audit   '@protobufjs/codegen': [ '2.0.4' ],
14 silly audit   '@protobufjs/eventemitter': [ '1.1.0' ],
14 silly audit   '@protobufjs/fetch': [ '1.1.0' ],
14 silly audit   '@protobufjs/float': [ '1.0.2' ],
14 silly audit   '@protobufjs/inquire': [ '1.1.0' ],
14 silly audit   '@protobufjs/path': [ '1.1.2' ],
14 silly audit   '@protobufjs/pool': [ '1.1.0' ],
14 silly audit   '@protobufjs/utf8': [ '1.1.0' ],
14 silly audit   '@tokenizer/inflate': [ '0.4.1' ],
14 silly audit   'token-types': [ '6.1.2', '5.0.1' ],
14 silly audit   '@tokenizer/token': [ '0.3.0' ],
14 silly audit   '@types/long': [ '4.0.2' ],
14 silly audit   '@types/node': [ '10.17.60', '25.5.0' ],
14 silly audit   '@types/retry': [ '0.12.0' ],
14 silly audit   '@types/webidl-conversions': [ '7.0.3' ],
14 silly audit   '@types/whatwg-url': [ '13.0.0' ],
14 silly audit   'abort-controller': [ '3.0.0' ],
14 silly audit   'agent-base': [ '6.0.2', '7.1.4' ],
14 silly audit   'ansi-regex': [ '6.2.2', '3.0.1', '5.0.1' ],
14 silly audit   'ansi-styles': [ '6.2.3', '4.3.0' ],
14 silly audit   'async-mutex': [ '0.5.0' ],
14 silly audit   'async.parallellimit': [ '0.5.2' ],
14 silly audit   'async.util.eachoflimit': [ '0.5.2' ],
14 silly audit   'async.util.isarray': [ '0.5.2' ],
14 silly audit   'async.util.isarraylike': [ '0.5.2' ],
14 silly audit   'async.util.keyiterator': [ '0.5.2' ],
14 silly audit   'async.util.keys': [ '0.5.2' ],
14 silly audit   'async.util.noop': [ '0.5.2' ],
14 silly audit   'async.util.once': [ '0.5.2' ],
14 silly audit   'async.util.onlyonce': [ '0.5.2' ],
14 silly audit   'async.util.parallel': [ '0.5.2' ],
14 silly audit   'async.util.restparam': [ '0.5.2' ],
14 silly audit   asynckit: [ '0.4.0' ],
14 silly audit   'atomic-sleep': [ '1.0.0' ],
14 silly audit   axios: [ '1.13.6' ],
14 silly audit   levitation: [ '26.1.1' ],
14 silly audit   'balanced-match': [ '1.0.2' ],
14 silly audit   'base64-js': [ '1.5.1' ],
14 silly audit   'bignumber.js': [ '9.3.1' ],
14 silly audit   boolbase: [ '1.0.0' ],
14 silly audit   boolstring: [ '2.0.1' ],
14 silly audit   'brace-expansion': [ '2.0.2', '1.1.12' ],
14 silly audit   bson: [ '7.2.0' ],
14 silly audit   buffer: [ '6.0.3' ],
14 silly audit   'buffer-equal-constant-time': [ '1.0.1' ],
14 silly audit   'buffer-from': [ '1.1.2' ],
14 silly audit   cacheable: [ '2.3.3' ],
14 silly audit   'call-bind-apply-helpers': [ '1.0.2' ],
14 silly audit   caseless: [ '0.12.0' ],
14 silly audit   cheerio: [ '1.2.0' ],
14 silly audit   'cheerio-select': [ '2.1.0' ],
14 silly audit   'color-convert': [ '2.0.1' ],
14 silly audit   'color-name': [ '1.1.4' ],
14 silly audit   colorette: [ '2.0.20' ],
14 silly audit   'combined-stream': [ '1.0.8' ],
14 silly audit   'concat-map': [ '0.0.1' ],
14 silly audit   'concat-stream': [ '2.0.0' ],
14 silly audit   'content-type': [ '1.0.5' ],
14 silly audit   'cross-spawn': [ '7.0.6' ],
14 silly audit   'css-select': [ '5.2.2' ],
14 silly audit   'css-what': [ '6.2.2' ],
14 silly audit   'curve25519-js': [ '0.0.4' ],
14 silly audit   dasu: [ '0.4.3' ],
14 silly audit   'data-uri-to-buffer': [ '4.0.1' ],
14 silly audit   dateformat: [ '4.6.3' ],
14 silly audit   debug: [ '4.4.3' ],
14 silly audit   'delayed-stream': [ '1.0.0' ],
14 silly audit   'detect-libc': [ '2.1.2' ],
14 silly audit   'dom-serializer': [ '2.0.0' ],
14 silly audit   domelementtype: [ '2.3.0' ],
14 silly audit   domhandler: [ '5.0.3' ],
14 silly audit   domutils: [ '3.2.2' ],
14 silly audit   'dunder-proto': [ '1.0.1' ],
14 silly audit   eastasianwidth: [ '0.2.0' ],
14 silly audit   'ecdsa-sig-formatter': [ '1.0.11' ],
14 silly audit   'emoji-regex': [ '9.2.2', '8.0.0' ],
14 silly audit   'encoding-sniffer': [ '0.2.1' ],
14 silly audit   'end-of-stream': [ '1.4.5' ],
14 silly audit   entities: [ '4.5.0', '7.0.1', '6.0.1' ],
14 silly audit   'env-paths': [ '2.2.1' ],
14 silly audit   'es-define-property': [ '1.0.1' ],
14 silly audit   'es-errors': [ '1.3.0' ],
14 silly audit   'es-object-atoms': [ '1.1.1' ],
14 silly audit   'es-set-tostringtag': [ '2.1.0' ],
14 silly audit   'event-target-shim': [ '5.0.1' ],
14 silly audit   eventemitter3: [ '5.0.4' ],
14 silly audit   events: [ '3.3.0' ],
14 silly audit   extend: [ '3.0.2' ],
14 silly audit   'fast-copy': [ '4.0.2' ],
14 silly audit   'fast-safe-stringify': [ '2.1.1' ],
14 silly audit   'fetch-blob': [ '3.2.0' ],
14 silly audit   'ffmpeg-static': [ '5.3.0' ],
14 silly audit   'file-type': [ '18.7.0', '21.3.2' ],
14 silly audit   'follow-redirects': [ '1.15.11' ],
14 silly audit   'foreground-child': [ '3.3.1' ],
14 silly audit   'form-data': [ '4.0.5' ],
14 silly audit   'formdata-polyfill': [ '4.0.10' ],
14 silly audit   'fs-extra': [ '11.3.4' ],
14 silly audit   'function-bind': [ '1.1.2' ],
14 silly audit   gaxios: [ '7.1.3' ],
14 silly audit   'https-proxy-agent': [ '7.0.6', '5.0.1' ],
14 silly audit   'gcp-metadata': [ '8.1.2', '7.0.1' ],
14 silly audit   'get-intrinsic': [ '1.3.0' ],
14 silly audit   'get-proto': [ '1.0.1' ],
14 silly audit   glob: [ '10.5.0' ],
14 silly audit   'google-auth-library': [ '10.6.1' ],
14 silly audit   'google-logging-utils': [ '1.1.3' ],
14 silly audit   gopd: [ '1.2.0' ],
14 silly audit   'graceful-fs': [ '4.2.11' ],
14 silly audit   'has-symbols': [ '1.1.0' ],
14 silly audit   'has-tostringtag': [ '1.0.2' ],
14 silly audit   hashery: [ '1.5.0' ],
14 silly audit   hasown: [ '2.0.2' ],
14 silly audit   'help-me': [ '5.0.0' ],
14 silly audit   hookified: [ '1.15.1' ],
14 silly audit   htmlparser2: [ '10.1.0' ],
14 silly audit   'http-response-object': [ '3.0.2' ],
14 silly audit   'human-time': [ '0.0.2' ],
14 silly audit   'iconv-lite': [ '0.6.3' ],
14 silly audit   ieee754: [ '1.2.1' ],
14 silly audit   inherits: [ '2.0.4' ],
14 silly audit   'is-fullwidth-code-point': [ '3.0.0', '2.0.0' ],
14 silly audit   isexe: [ '2.0.0' ],
14 silly audit   jackspeak: [ '3.4.3' ],
14 silly audit   joycon: [ '3.1.1' ],
14 silly audit   jsep: [ '1.4.0' ],
14 silly audit   'json-bigint': [ '1.0.0' ],
14 silly audit   jsonfile: [ '6.2.0' ],
14 silly audit   'jsonpath-plus': [ '10.3.0' ],
14 silly audit   jwa: [ '2.0.1' ],
14 silly audit   jws: [ '4.0.1' ],
14 silly audit   kareem: [ '3.2.0' ],
14 silly audit   keypress: [ '0.2.1' ],
14 silly audit   keyv: [ '5.6.0' ],
14 silly audit   '@whiskeysockets/libsignal-node': [ '2.0.1' ],
14 silly audit   long: [ '4.0.0', '5.3.2' ],
14 silly audit   protobufjs: [ '6.8.8', '7.5.4' ],
14 silly audit   'math-intrinsics': [ '1.1.0' ],
14 silly audit   'media-typer': [ '1.1.0' ],
14 silly audit   'memory-pager': [ '1.5.0' ],
14 silly audit   'mime-db': [ '1.52.0' ],
14 silly audit   'mime-types': [ '2.1.35' ],
14 silly audit   'mimic-fn': [ '2.1.0' ],
14 silly audit   minimatch: [ '9.0.9', '3.0.8' ],
14 silly audit   minimist: [ '1.2.8' ],
14 silly audit   minipass: [ '7.1.3' ],
14 silly audit   'mongodb-connection-string-url': [ '7.0.1' ],
14 silly audit   mongoose: [ '9.3.0' ],
14 silly audit   mongodb: [ '7.1.0' ],
14 silly audit   mpath: [ '0.9.0' ],
14 silly audit   mquery: [ '6.0.0' ],
14 silly audit   ms: [ '2.1.3' ],
14 silly audit   'music-metadata': [ '11.12.3' ],
14 silly audit   strtok3: [ '10.3.4', '7.1.1' ],
14 silly audit   'node-domexception': [ '1.0.0' ],
14 silly audit   'node-fetch': [ '3.3.2' ],
14 silly audit   'node-fzf': [ '0.14.0' ],
14 silly audit   'string-width': [ '2.1.1', '5.1.2', '4.2.3' ],
14 silly audit   'strip-ansi': [ '4.0.0', '6.0.1', '7.2.0' ],
14 silly audit   'node-webpmux': [ '3.2.1' ],
14 silly audit   'nth-check': [ '2.1.1' ],
14 silly audit   'on-exit-leak-free': [ '2.1.2' ],
14 silly audit   once: [ '1.4.0' ],
14 silly audit   onetime: [ '5.1.2' ],
14 silly audit   'p-queue': [ '9.1.0' ],
14 silly audit   'p-retry': [ '4.6.2' ],
14 silly audit   'p-timeout': [ '7.0.1' ],
14 silly audit   'package-json-from-dist': [ '1.0.1' ],
14 silly audit   'parse-cache-control': [ '1.0.1' ],
14 silly audit   parse5: [ '7.3.0' ],
14 silly audit   'parse5-htmlparser2-tree-adapter': [ '7.1.0' ],
14 silly audit   'parse5-parser-stream': [ '7.1.2' ],
14 silly audit   'path-key': [ '3.1.1' ],
14 silly audit   'path-scurry': [ '1.11.1' ],
14 silly audit   'lru-cache': [ '10.4.3' ],
14 silly audit   'peek-readable': [ '5.4.2' ],
14 silly audit   picocolors: [ '1.1.1' ],
14 silly audit   pino: [ '10.3.1' ],
14 silly audit   'pino-abstract-transport': [ '3.0.0' ],
14 silly audit   'pino-pretty': [ '13.1.3' ],
14 silly audit   'pino-std-serializers': [ '7.1.0' ],
14 silly audit   prettier: [ '3.8.1' ],
14 silly audit   process: [ '0.11.10' ],
14 silly audit   'process-warning': [ '5.0.0' ],
14 silly audit   progress: [ '2.0.3' ],
14 silly audit   'proxy-from-env': [ '1.1.0' ],
14 silly audit   pump: [ '3.0.4' ],
14 silly audit   punycode: [ '2.3.1' ],
14 silly audit   qified: [ '0.6.0' ],
14 silly audit   'quick-format-unescaped': [ '4.0.4' ],
14 silly audit   'readable-stream': [ '3.6.2', '4.7.0' ],
14 silly audit   'readable-web-to-node-stream': [ '3.0.4' ],
14 silly audit   'real-require': [ '0.2.0' ],
14 silly audit   redstar: [ '0.0.2' ],
14 silly audit   'restore-cursor': [ '3.1.0' ],
14 silly audit   'signal-exit': [ '3.0.7', '4.1.0' ],
14 silly audit   retry: [ '0.13.1' ],
14 silly audit   rimraf: [ '5.0.10' ],
14 silly audit   'safe-buffer': [ '5.2.1' ],
14 silly audit   'safe-stable-stringify': [ '2.5.0' ],
14 silly audit   'safer-buffer': [ '2.1.2' ],
14 silly audit   'secure-json-parse': [ '4.1.0' ],
14 silly audit   semver: [ '7.7.4' ],
14 silly audit   sharp: [ '0.34.5' ],
14 silly audit   'shebang-command': [ '2.0.0' ],
14 silly audit   'shebang-regex': [ '3.0.0' ],
14 silly audit   sift: [ '17.1.3' ],
14 silly audit   'sonic-boom': [ '4.2.1' ],
14 silly audit   'sparse-bitfield': [ '3.0.3' ],
14 silly audit   split2: [ '4.2.0' ],
14 silly audit   string_decoder: [ '1.3.0' ],
14 silly audit   'strip-json-comments': [ '5.0.3' ],
14 silly audit   'thread-stream': [ '4.0.0' ],
14 silly audit   tr46: [ '5.1.1' ],
14 silly audit   tslib: [ '2.8.1' ],
14 silly audit   ttys: [ '0.0.3' ],
14 silly audit   typedarray: [ '0.0.6' ],
14 silly audit   'uint8array-extras': [ '1.5.0' ],
14 silly audit   undici: [ '7.24.3' ],
14 silly audit   'undici-types': [ '7.18.2' ],
14 silly audit   universalify: [ '2.0.1' ],
14 silly audit   'util-deprecate': [ '1.0.2' ],
14 silly audit   'web-streams-polyfill': [ '3.3.3' ],
14 silly audit   'webidl-conversions': [ '7.0.0' ],
14 silly audit   'whatwg-encoding': [ '3.1.1' ],
14 silly audit   'whatwg-mimetype': [ '4.0.0' ],
14 silly audit   'whatwg-url': [ '14.2.0' ],
14 silly audit   which: [ '2.0.2' ],
14 silly audit   'win-guid': [ '0.2.1' ],
14 silly audit   'wrap-ansi': [ '8.1.0', '7.0.0' ],
14 silly audit   wrappy: [ '1.0.2' ],
14 silly audit   ws: [ '8.19.0' ],
14 silly audit   'yt-search': [ '2.13.1' ]
14 silly audit }
15 verbose reify failed optional dependency /home/container/node_modules/@img/sharp-win32-x64
16 silly reify mark deleted [ '/home/container/node_modules/@img/sharp-win32-x64' ]
17 verbose reify failed optional dependency /home/container/node_modules/@img/sharp-win32-ia32
18 silly reify mark deleted [ '/home/container/node_modules/@img/sharp-win32-ia32' ]
19 verbose reify failed optional dependency /home/container/node_modules/@img/sharp-win32-arm64
20 silly reify mark deleted [ '/home/container/node_modules/@img/sharp-win32-arm64' ]
21 verbose reify failed optional dependency /home/container/node_modules/@img/sharp-wasm32
22 silly reify mark deleted [ '/home/container/node_modules/@img/sharp-wasm32' ]
23 verbose reify failed optional dependency /home/container/node_modules/@emnapi/runtime
24 silly reify mark deleted [ '/home/container/node_modules/@emnapi/runtime' ]
25 verbose reify failed optional dependency /home/container/node_modules/@img/sharp-linuxmusl-arm64
26 silly reify mark deleted [ '/home/container/node_modules/@img/sharp-linuxmusl-arm64' ]
27 verbose reify failed optional dependency /home/container/node_modules/@img/sharp-linux-s390x
28 silly reify mark deleted [ '/home/container/node_modules/@img/sharp-linux-s390x' ]
29 verbose reify failed optional dependency /home/container/node_modules/@img/sharp-linux-riscv64
30 silly reify mark deleted [ '/home/container/node_modules/@img/sharp-linux-riscv64' ]
31 verbose reify failed optional dependency /home/container/node_modules/@img/sharp-linux-ppc64
32 silly reify mark deleted [ '/home/container/node_modules/@img/sharp-linux-ppc64' ]
33 verbose reify failed optional dependency /home/container/node_modules/@img/sharp-linux-arm64
34 silly reify mark deleted [ '/home/container/node_modules/@img/sharp-linux-arm64' ]
35 verbose reify failed optional dependency /home/container/node_modules/@img/sharp-linux-arm
36 silly reify mark deleted [ '/home/container/node_modules/@img/sharp-linux-arm' ]
37 verbose reify failed optional dependency /home/container/node_modules/@img/sharp-libvips-linuxmusl-arm64
38 silly reify mark deleted [ '/home/container/node_modules/@img/sharp-libvips-linuxmusl-arm64' ]
39 verbose reify failed optional dependency /home/container/node_modules/@img/sharp-libvips-linux-s390x
40 silly reify mark deleted [ '/home/container/node_modules/@img/sharp-libvips-linux-s390x' ]
41 verbose reify failed optional dependency /home/container/node_modules/@img/sharp-libvips-linux-riscv64
42 silly reify mark deleted [ '/home/container/node_modules/@img/sharp-libvips-linux-riscv64' ]
43 verbose reify failed optional dependency /home/container/node_modules/@img/sharp-libvips-linux-ppc64
44 silly reify mark deleted [ '/home/container/node_modules/@img/sharp-libvips-linux-ppc64' ]
45 verbose reify failed optional dependency /home/container/node_modules/@img/sharp-libvips-linux-arm64
46 silly reify mark deleted [ '/home/container/node_modules/@img/sharp-libvips-linux-arm64' ]
47 verbose reify failed optional dependency /home/container/node_modules/@img/sharp-libvips-linux-arm
48 silly reify mark deleted [ '/home/container/node_modules/@img/sharp-libvips-linux-arm' ]
49 verbose reify failed optional dependency /home/container/node_modules/@img/sharp-libvips-darwin-x64
50 silly reify mark deleted [ '/home/container/node_modules/@img/sharp-libvips-darwin-x64' ]
51 verbose reify failed optional dependency /home/container/node_modules/@img/sharp-libvips-darwin-arm64
52 silly reify mark deleted [ '/home/container/node_modules/@img/sharp-libvips-darwin-arm64' ]
53 verbose reify failed optional dependency /home/container/node_modules/@img/sharp-darwin-x64
54 silly reify mark deleted [ '/home/container/node_modules/@img/sharp-darwin-x64' ]
55 verbose reify failed optional dependency /home/container/node_modules/@img/sharp-darwin-arm64
56 silly reify mark deleted [ '/home/container/node_modules/@img/sharp-darwin-arm64' ]
57 http cache @emnapi/runtime@https://registry.npmjs.org/@emnapi/runtime/-/runtime-1.9.0.tgz 1ms (cache hit)
58 http fetch POST 200 https://registry.npmjs.org/-/npm/v1/security/advisories/bulk 1414ms
59 silly audit report {
59 silly audit report   'file-type': [
59 silly audit report     {
59 silly audit report       id: 1114301,
59 silly audit report       url: 'https://github.com/advisories/GHSA-5v7r-6r5c-r473',
59 silly audit report       title: 'file-type affected by infinite loop in ASF parser on malformed input with zero-size sub-header',
59 silly audit report       severity: 'moderate',
59 silly audit report       vulnerable_versions: '>=13.0.0 <21.3.1',
59 silly audit report       cwe: [Array],
59 silly audit report       cvss: [Object]
59 silly audit report     }
59 silly audit report   ],
59 silly audit report   minimatch: [
59 silly audit report     {
59 silly audit report       id: 1113459,
59 silly audit report       url: 'https://github.com/advisories/GHSA-3ppc-4f35-3m26',
59 silly audit report       title: 'minimatch has a ReDoS via repeated wildcards with non-matching literal in pattern',
59 silly audit report       severity: 'high',
59 silly audit report       vulnerable_versions: '<3.1.3',
59 silly audit report       cwe: [Array],
59 silly audit report       cvss: [Object]
59 silly audit report     },
59 silly audit report     {
59 silly audit report       id: 1113538,
59 silly audit report       url: 'https://github.com/advisories/GHSA-7r86-cg39-jmmj',
59 silly audit report       title: 'minimatch has ReDoS: matchOne() combinatorial backtracking via multiple non-adjacent GLOBSTAR segments',
59 silly audit report       severity: 'high',
59 silly audit report       vulnerable_versions: '<3.1.3',
59 silly audit report       cwe: [Array],
59 silly audit report       cvss: [Object]
59 silly audit report     },
59 silly audit report     {
59 silly audit report       id: 1113546,
59 silly audit report       url: 'https://github.com/advisories/GHSA-23c5-xmqv-rm74',
59 silly audit report       title: 'minimatch ReDoS: nested *() extglobs generate catastrophically backtracking regular expressions',
59 silly audit report       severity: 'high',
59 silly audit report       vulnerable_versions: '<3.1.4',
59 silly audit report       cwe: [Array],
59 silly audit report       cvss: [Object]
59 silly audit report     }
59 silly audit report   ]
59 silly audit report }
60 silly packumentCache corgi:https://registry.npmjs.org/file-type cache-miss
61 silly packumentCache corgi:https://registry.npmjs.org/minimatch cache-miss
62 http fetch GET 200 https://registry.npmjs.org/file-type 400ms (cache revalidated)
63 silly packumentCache corgi:https://registry.npmjs.org/file-type set size:194813 disposed:false
64 http fetch GET 200 https://registry.npmjs.org/minimatch 494ms (cache revalidated)
65 silly packumentCache corgi:https://registry.npmjs.org/minimatch set size:167610 disposed:false
66 silly packumentCache corgi:https://registry.npmjs.org/redstar cache-miss
67 http fetch GET 200 https://registry.npmjs.org/redstar 2277ms (cache revalidated)
68 silly packumentCache corgi:https://registry.npmjs.org/redstar set size:1262 disposed:false
69 silly packumentCache corgi:https://registry.npmjs.org/node-fzf cache-miss
70 http fetch GET 200 https://registry.npmjs.org/node-fzf 100ms (cache revalidated)
71 silly packumentCache corgi:https://registry.npmjs.org/node-fzf set size:42290 disposed:false
72 silly packumentCache corgi:https://registry.npmjs.org/yt-search cache-miss
73 http fetch GET 200 https://registry.npmjs.org/yt-search 99ms (cache revalidated)
74 silly packumentCache corgi:https://registry.npmjs.org/yt-search set size:126336 disposed:false
75 silly ADD
76 silly ADD
77 silly ADD
78 silly ADD
79 silly ADD
80 silly ADD
81 silly ADD
82 silly ADD
83 silly ADD
84 silly ADD
85 silly ADD
86 silly ADD
87 silly ADD
88 silly ADD
89 silly ADD
90 silly ADD
91 silly ADD
92 silly ADD
93 silly ADD
94 silly ADD
95 silly ADD
96 verbose cwd /home/container
97 verbose os Linux 5.15.0-171-generic
98 verbose node v23.11.1
99 verbose npm  v10.9.2
100 verbose exit 0
101 info ok
