0 verbose cli /usr/local/bin/node /usr/local/bin/npm
1 info using npm@10.9.2
2 info using node@v23.11.1
3 silly config load:file:/usr/local/lib/node_modules/npm/npmrc
4 silly config load:file:/home/container/.npmrc
5 silly config load:file:/usr/local/etc/npmrc
6 verbose title npm install
7 verbose argv "install"
8 verbose logfile logs-max:10 dir:/home/container/.npm/_logs/2026-03-15T08_10_17_609Z-
9 verbose logfile /home/container/.npm/_logs/2026-03-15T08_10_17_609Z-debug-0.log
10 silly logfile done cleaning log files
11 silly packumentCache heap:614203392 maxSize:153550848 maxEntrySize:76775424
12 silly idealTree buildDeps
13 silly fetch manifest baileys@github:WhiskeySockets/Baileys
14 silly fetch manifest audio-decode@^2.1.3
15 silly packumentCache full:https://registry.npmjs.org/audio-decode cache-miss
16 http fetch GET 200 https://registry.npmjs.org/audio-decode 829ms (cache miss)
17 silly packumentCache full:https://registry.npmjs.org/audio-decode set size:undefined disposed:false
18 silly fetch manifest jimp@^1.6.0
19 silly packumentCache full:https://registry.npmjs.org/jimp cache-miss
20 http fetch GET 200 https://registry.npmjs.org/jimp 435ms (cache miss)
21 silly packumentCache full:https://registry.npmjs.org/jimp set size:undefined disposed:false
22 silly fetch manifest link-preview-js@^3.0.0
23 silly packumentCache full:https://registry.npmjs.org/link-preview-js cache-miss
24 http fetch GET 200 https://registry.npmjs.org/link-preview-js 404ms (cache miss)
25 silly packumentCache full:https://registry.npmjs.org/link-preview-js set size:undefined disposed:false
26 silly fetch manifest sharp@^0.34.4
27 silly packumentCache full:https://registry.npmjs.org/sharp cache-miss
28 http fetch GET 200 https://registry.npmjs.org/sharp 236ms (cache miss)
29 silly packumentCache full:https://registry.npmjs.org/sharp set size:undefined disposed:false
30 silly placeDep ROOT baileys@7.0.0-rc.9 REPLACE for: fearless@6.7.0 want: github:WhiskeySockets/Baileys
31 silly fetch manifest libsignal@git+https://github.com/whiskeysockets/libsignal-node
32 silly fetch manifest whatsapp-rust-bridge@0.5.2
33 silly packumentCache full:https://registry.npmjs.org/whatsapp-rust-bridge cache-miss
34 http fetch GET 200 https://registry.npmjs.org/whatsapp-rust-bridge 95ms (cache miss)
35 silly packumentCache full:https://registry.npmjs.org/whatsapp-rust-bridge set size:undefined disposed:false
36 silly placeDep ROOT libsignal@2.0.1 OK for: baileys@7.0.0-rc.9 want: git+https://github.com/whiskeysockets/libsignal-node
37 silly placeDep ROOT whatsapp-rust-bridge@0.5.2 OK for: baileys@7.0.0-rc.9 want: 0.5.2
38 silly fetch manifest curve25519-js@^0.0.4
39 silly packumentCache full:https://registry.npmjs.org/curve25519-js cache-miss
40 http fetch GET 200 https://registry.npmjs.org/curve25519-js 33ms (cache miss)
41 silly packumentCache full:https://registry.npmjs.org/curve25519-js set size:undefined disposed:false
42 silly fetch manifest protobufjs@6.8.8
43 silly packumentCache full:https://registry.npmjs.org/protobufjs cache-miss
44 http fetch GET 200 https://registry.npmjs.org/protobufjs 178ms (cache miss)
45 silly packumentCache full:https://registry.npmjs.org/protobufjs set size:undefined disposed:false
46 silly placeDep ROOT curve25519-js@0.0.4 OK for: @whiskeysockets/libsignal-node@2.0.1 want: ^0.0.4
47 silly placeDep node_modules/libsignal protobufjs@6.8.8 OK for: @whiskeysockets/libsignal-node@2.0.1 want: 6.8.8
48 silly fetch manifest long@^4.0.0
49 silly packumentCache full:https://registry.npmjs.org/long cache-miss
50 http fetch GET 200 https://registry.npmjs.org/long 44ms (cache miss)
51 silly packumentCache full:https://registry.npmjs.org/long set size:undefined disposed:false
52 silly fetch manifest @types/long@^4.0.0
53 silly packumentCache full:https://registry.npmjs.org/@types%2flong cache-miss
54 http fetch GET 200 https://registry.npmjs.org/@types%2flong 101ms (cache miss)
55 silly packumentCache full:https://registry.npmjs.org/@types%2flong set size:undefined disposed:false
56 silly placeDep ROOT @types/long@4.0.2 OK for: protobufjs@6.8.8 want: ^4.0.0
57 silly placeDep node_modules/libsignal long@4.0.0 OK for: protobufjs@6.8.8 want: ^4.0.0
58 silly reify mark retired [ '/home/container/node_modules/baileys' ]
59 silly reify mark retired [ '/home/container/node_modules/libsignal' ]
60 silly reify moves {
60 silly reify   '/home/container/node_modules/baileys': '/home/container/node_modules/.baileys-tAJykZES',
60 silly reify   '/home/container/node_modules/libsignal': '/home/container/node_modules/.libsignal-mQOErmg7'
60 silly reify }
61 silly audit bulk request {
61 silly audit   '@borewit/text-codec': [ '0.2.2' ],
61 silly audit   '@cacheable/memory': [ '2.0.8' ],
61 silly audit   '@cacheable/node-cache': [ '1.7.6' ],
61 silly audit   '@cacheable/utils': [ '2.4.0' ],
61 silly audit   '@derhuerst/http-basic': [ '8.2.4' ],
61 silly audit   '@emnapi/runtime': [ '1.9.0' ],
61 silly audit   '@google/genai': [ '1.45.0' ],
61 silly audit   '@google/generative-ai': [ '0.24.1' ],
61 silly audit   '@hapi/boom': [ '9.1.4' ],
61 silly audit   '@hapi/hoek': [ '9.3.0' ],
61 silly audit   '@img/colour': [ '1.1.0' ],
61 silly audit   '@img/sharp-darwin-arm64': [ '0.34.5' ],
61 silly audit   '@img/sharp-darwin-x64': [ '0.34.5' ],
61 silly audit   '@img/sharp-libvips-darwin-arm64': [ '1.2.4' ],
61 silly audit   '@img/sharp-libvips-darwin-x64': [ '1.2.4' ],
61 silly audit   '@img/sharp-libvips-linux-arm': [ '1.2.4' ],
61 silly audit   '@img/sharp-libvips-linux-arm64': [ '1.2.4' ],
61 silly audit   '@img/sharp-libvips-linux-ppc64': [ '1.2.4' ],
61 silly audit   '@img/sharp-libvips-linux-riscv64': [ '1.2.4' ],
61 silly audit   '@img/sharp-libvips-linux-s390x': [ '1.2.4' ],
61 silly audit   '@img/sharp-libvips-linux-x64': [ '1.2.4' ],
61 silly audit   '@img/sharp-libvips-linuxmusl-arm64': [ '1.2.4' ],
61 silly audit   '@img/sharp-libvips-linuxmusl-x64': [ '1.2.4' ],
61 silly audit   '@img/sharp-linux-arm': [ '0.34.5' ],
61 silly audit   '@img/sharp-linux-arm64': [ '0.34.5' ],
61 silly audit   '@img/sharp-linux-ppc64': [ '0.34.5' ],
61 silly audit   '@img/sharp-linux-riscv64': [ '0.34.5' ],
61 silly audit   '@img/sharp-linux-s390x': [ '0.34.5' ],
61 silly audit   '@img/sharp-linux-x64': [ '0.34.5' ],
61 silly audit   '@img/sharp-linuxmusl-arm64': [ '0.34.5' ],
61 silly audit   '@img/sharp-linuxmusl-x64': [ '0.34.5' ],
61 silly audit   '@img/sharp-wasm32': [ '0.34.5' ],
61 silly audit   '@img/sharp-win32-arm64': [ '0.34.5' ],
61 silly audit   '@img/sharp-win32-ia32': [ '0.34.5' ],
61 silly audit   '@img/sharp-win32-x64': [ '0.34.5' ],
61 silly audit   '@isaacs/cliui': [ '8.0.2' ],
61 silly audit   '@jsep-plugin/assignment': [ '1.3.0' ],
61 silly audit   '@jsep-plugin/regex': [ '1.0.4' ],
61 silly audit   '@keyv/bigmap': [ '1.3.1' ],
61 silly audit   '@keyv/serialize': [ '1.1.1' ],
61 silly audit   '@mongodb-js/saslprep': [ '1.4.6' ],
61 silly audit   '@pinojs/redact': [ '0.4.0' ],
61 silly audit   '@pkgjs/parseargs': [ '0.11.0' ],
61 silly audit   '@protobufjs/aspromise': [ '1.1.2' ],
61 silly audit   '@protobufjs/base64': [ '1.1.2' ],
61 silly audit   '@protobufjs/codegen': [ '2.0.4' ],
61 silly audit   '@protobufjs/eventemitter': [ '1.1.0' ],
61 silly audit   '@protobufjs/fetch': [ '1.1.0' ],
61 silly audit   '@protobufjs/float': [ '1.0.2' ],
61 silly audit   '@protobufjs/inquire': [ '1.1.0' ],
61 silly audit   '@protobufjs/path': [ '1.1.2' ],
61 silly audit   '@protobufjs/pool': [ '1.1.0' ],
61 silly audit   '@protobufjs/utf8': [ '1.1.0' ],
61 silly audit   '@tokenizer/inflate': [ '0.4.1' ],
61 silly audit   'token-types': [ '6.1.2', '5.0.1' ],
61 silly audit   '@tokenizer/token': [ '0.3.0' ],
61 silly audit   '@types/node': [ '10.17.60', '25.5.0' ],
61 silly audit   '@types/retry': [ '0.12.0' ],
61 silly audit   '@types/webidl-conversions': [ '7.0.3' ],
61 silly audit   '@types/whatwg-url': [ '13.0.0' ],
61 silly audit   'abort-controller': [ '3.0.0' ],
61 silly audit   'agent-base': [ '6.0.2', '7.1.4' ],
61 silly audit   'ansi-regex': [ '6.2.2', '3.0.1', '5.0.1' ],
61 silly audit   'ansi-styles': [ '6.2.3', '4.3.0' ],
61 silly audit   'async-mutex': [ '0.5.0' ],
61 silly audit   'async.parallellimit': [ '0.5.2' ],
61 silly audit   'async.util.eachoflimit': [ '0.5.2' ],
61 silly audit   'async.util.isarray': [ '0.5.2' ],
61 silly audit   'async.util.isarraylike': [ '0.5.2' ],
61 silly audit   'async.util.keyiterator': [ '0.5.2' ],
61 silly audit   'async.util.keys': [ '0.5.2' ],
61 silly audit   'async.util.noop': [ '0.5.2' ],
61 silly audit   'async.util.once': [ '0.5.2' ],
61 silly audit   'async.util.onlyonce': [ '0.5.2' ],
61 silly audit   'async.util.parallel': [ '0.5.2' ],
61 silly audit   'async.util.restparam': [ '0.5.2' ],
61 silly audit   asynckit: [ '0.4.0' ],
61 silly audit   'atomic-sleep': [ '1.0.0' ],
61 silly audit   axios: [ '1.13.6' ],
61 silly audit   'balanced-match': [ '1.0.2' ],
61 silly audit   'base64-js': [ '1.5.1' ],
61 silly audit   'bignumber.js': [ '9.3.1' ],
61 silly audit   boolbase: [ '1.0.0' ],
61 silly audit   boolstring: [ '2.0.1' ],
61 silly audit   'brace-expansion': [ '2.0.2', '1.1.12' ],
61 silly audit   bson: [ '7.2.0' ],
61 silly audit   buffer: [ '6.0.3' ],
61 silly audit   'buffer-equal-constant-time': [ '1.0.1' ],
61 silly audit   'buffer-from': [ '1.1.2' ],
61 silly audit   cacheable: [ '2.3.3' ],
61 silly audit   'call-bind-apply-helpers': [ '1.0.2' ],
61 silly audit   caseless: [ '0.12.0' ],
61 silly audit   cheerio: [ '1.2.0' ],
61 silly audit   'cheerio-select': [ '2.1.0' ],
61 silly audit   'color-convert': [ '2.0.1' ],
61 silly audit   'color-name': [ '1.1.4' ],
61 silly audit   colorette: [ '2.0.20' ],
61 silly audit   'combined-stream': [ '1.0.8' ],
61 silly audit   'concat-map': [ '0.0.1' ],
61 silly audit   'concat-stream': [ '2.0.0' ],
61 silly audit   'content-type': [ '1.0.5' ],
61 silly audit   'cross-spawn': [ '7.0.6' ],
61 silly audit   'css-select': [ '5.2.2' ],
61 silly audit   'css-what': [ '6.2.2' ],
61 silly audit   dasu: [ '0.4.3' ],
61 silly audit   'data-uri-to-buffer': [ '4.0.1' ],
61 silly audit   dateformat: [ '4.6.3' ],
61 silly audit   debug: [ '4.4.3' ],
61 silly audit   'delayed-stream': [ '1.0.0' ],
61 silly audit   'detect-libc': [ '2.1.2' ],
61 silly audit   'dom-serializer': [ '2.0.0' ],
61 silly audit   domelementtype: [ '2.3.0' ],
61 silly audit   domhandler: [ '5.0.3' ],
61 silly audit   domutils: [ '3.2.2' ],
61 silly audit   'dunder-proto': [ '1.0.1' ],
61 silly audit   eastasianwidth: [ '0.2.0' ],
61 silly audit   'ecdsa-sig-formatter': [ '1.0.11' ],
61 silly audit   'emoji-regex': [ '9.2.2', '8.0.0' ],
61 silly audit   'encoding-sniffer': [ '0.2.1' ],
61 silly audit   'end-of-stream': [ '1.4.5' ],
61 silly audit   entities: [ '4.5.0', '7.0.1', '6.0.1' ],
61 silly audit   'env-paths': [ '2.2.1' ],
61 silly audit   'es-define-property': [ '1.0.1' ],
61 silly audit   'es-errors': [ '1.3.0' ],
61 silly audit   'es-object-atoms': [ '1.1.1' ],
61 silly audit   'es-set-tostringtag': [ '2.1.0' ],
61 silly audit   'event-target-shim': [ '5.0.1' ],
61 silly audit   eventemitter3: [ '5.0.4' ],
61 silly audit   events: [ '3.3.0' ],
61 silly audit   extend: [ '3.0.2' ],
61 silly audit   'fast-copy': [ '4.0.2' ],
61 silly audit   'fast-safe-stringify': [ '2.1.1' ],
61 silly audit   'fetch-blob': [ '3.2.0' ],
61 silly audit   'ffmpeg-static': [ '5.3.0' ],
61 silly audit   'file-type': [ '18.7.0', '21.3.2' ],
61 silly audit   'follow-redirects': [ '1.15.11' ],
61 silly audit   'foreground-child': [ '3.3.1' ],
61 silly audit   'form-data': [ '4.0.5' ],
61 silly audit   'formdata-polyfill': [ '4.0.10' ],
61 silly audit   'fs-extra': [ '11.3.4' ],
61 silly audit   'function-bind': [ '1.1.2' ],
61 silly audit   gaxios: [ '7.1.3' ],
61 silly audit   'https-proxy-agent': [ '7.0.6', '5.0.1' ],
61 silly audit   'gcp-metadata': [ '8.1.2', '7.0.1' ],
61 silly audit   'get-intrinsic': [ '1.3.0' ],
61 silly audit   'get-proto': [ '1.0.1' ],
61 silly audit   glob: [ '10.5.0' ],
61 silly audit   'google-auth-library': [ '10.6.1' ],
61 silly audit   'google-logging-utils': [ '1.1.3' ],
61 silly audit   gopd: [ '1.2.0' ],
61 silly audit   'graceful-fs': [ '4.2.11' ],
61 silly audit   'has-symbols': [ '1.1.0' ],
61 silly audit   'has-tostringtag': [ '1.0.2' ],
61 silly audit   hashery: [ '1.5.0' ],
61 silly audit   hasown: [ '2.0.2' ],
61 silly audit   'help-me': [ '5.0.0' ],
61 silly audit   hookified: [ '1.15.1' ],
61 silly audit   htmlparser2: [ '10.1.0' ],
61 silly audit   'http-response-object': [ '3.0.2' ],
61 silly audit   'human-time': [ '0.0.2' ],
61 silly audit   'iconv-lite': [ '0.6.3' ],
61 silly audit   ieee754: [ '1.2.1' ],
61 silly audit   inherits: [ '2.0.4' ],
61 silly audit   'is-fullwidth-code-point': [ '3.0.0', '2.0.0' ],
61 silly audit   isexe: [ '2.0.0' ],
61 silly audit   jackspeak: [ '3.4.3' ],
61 silly audit   joycon: [ '3.1.1' ],
61 silly audit   jsep: [ '1.4.0' ],
61 silly audit   'json-bigint': [ '1.0.0' ],
61 silly audit   jsonfile: [ '6.2.0' ],
61 silly audit   'jsonpath-plus': [ '10.3.0' ],
61 silly audit   jwa: [ '2.0.1' ],
61 silly audit   jws: [ '4.0.1' ],
61 silly audit   kareem: [ '3.2.0' ],
61 silly audit   keypress: [ '0.2.1' ],
61 silly audit   keyv: [ '5.6.0' ],
61 silly audit   long: [ '5.3.2', '4.0.0' ],
61 silly audit   protobufjs: [ '7.5.4', '6.8.8' ],
61 silly audit   'lru-cache': [ '11.2.7', '10.4.3' ],
61 silly audit   'math-intrinsics': [ '1.1.0' ],
61 silly audit   'media-typer': [ '1.1.0' ],
61 silly audit   'memory-pager': [ '1.5.0' ],
61 silly audit   'mime-db': [ '1.52.0' ],
61 silly audit   'mime-types': [ '2.1.35' ],
61 silly audit   'mimic-fn': [ '2.1.0' ],
61 silly audit   minimatch: [ '9.0.9', '3.0.8' ],
61 silly audit   minimist: [ '1.2.8' ],
61 silly audit   minipass: [ '7.1.3' ],
61 silly audit   'mongodb-connection-string-url': [ '7.0.1' ],
61 silly audit   mongoose: [ '9.3.0' ],
61 silly audit   mongodb: [ '7.1.0' ],
61 silly audit   mpath: [ '0.9.0' ],
61 silly audit   mquery: [ '6.0.0' ],
61 silly audit   ms: [ '2.1.3' ],
61 silly audit   'music-metadata': [ '11.12.3' ],
61 silly audit   strtok3: [ '10.3.4', '7.1.1' ],
61 silly audit   'node-domexception': [ '1.0.0' ],
61 silly audit   'node-fetch': [ '3.3.2' ],
61 silly audit   'node-fzf': [ '0.14.0' ],
61 silly audit   'string-width': [ '2.1.1', '5.1.2', '4.2.3' ],
61 silly audit   'strip-ansi': [ '4.0.0', '6.0.1', '7.2.0' ],
61 silly audit   'node-webpmux': [ '3.2.1' ],
61 silly audit   'nth-check': [ '2.1.1' ],
61 silly audit   'on-exit-leak-free': [ '2.1.2' ],
61 silly audit   once: [ '1.4.0' ],
61 silly audit   onetime: [ '5.1.2' ],
61 silly audit   'p-queue': [ '9.1.0' ],
61 silly audit   'p-retry': [ '4.6.2' ],
61 silly audit   'p-timeout': [ '7.0.1' ],
61 silly audit   'package-json-from-dist': [ '1.0.1' ],
61 silly audit   'parse-cache-control': [ '1.0.1' ],
61 silly audit   parse5: [ '7.3.0' ],
61 silly audit   'parse5-htmlparser2-tree-adapter': [ '7.1.0' ],
61 silly audit   'parse5-parser-stream': [ '7.1.2' ],
61 silly audit   'path-key': [ '3.1.1' ],
61 silly audit   'path-scurry': [ '1.11.1' ],
61 silly audit   'peek-readable': [ '5.4.2' ],
61 silly audit   picocolors: [ '1.1.1' ],
61 silly audit   pino: [ '9.14.0' ],
61 silly audit   'pino-abstract-transport': [ '2.0.0', '3.0.0' ],
61 silly audit   'pino-pretty': [ '13.1.3' ],
61 silly audit   'pino-std-serializers': [ '7.1.0' ],
61 silly audit   prettier: [ '3.8.1' ],
61 silly audit   process: [ '0.11.10' ],
61 silly audit   'process-warning': [ '5.0.0' ],
61 silly audit   progress: [ '2.0.3' ],
61 silly audit   'proxy-from-env': [ '1.1.0' ],
61 silly audit   pump: [ '3.0.4' ],
61 silly audit   punycode: [ '2.3.1' ],
61 silly audit   qified: [ '0.6.0' ],
61 silly audit   'quick-format-unescaped': [ '4.0.4' ],
61 silly audit   'readable-stream': [ '3.6.2', '4.7.0' ],
61 silly audit   'readable-web-to-node-stream': [ '3.0.4' ],
61 silly audit   'real-require': [ '0.2.0' ],
61 silly audit   redstar: [ '0.0.2' ],
61 silly audit   'restore-cursor': [ '3.1.0' ],
61 silly audit   'signal-exit': [ '3.0.7', '4.1.0' ],
61 silly audit   retry: [ '0.13.1' ],
61 silly audit   rimraf: [ '5.0.10' ],
61 silly audit   'safe-buffer': [ '5.2.1' ],
61 silly audit   'safe-stable-stringify': [ '2.5.0' ],
61 silly audit   'safer-buffer': [ '2.1.2' ],
61 silly audit   'secure-json-parse': [ '4.1.0' ],
61 silly audit   semver: [ '7.7.4' ],
61 silly audit   sharp: [ '0.34.5' ],
61 silly audit   'shebang-command': [ '2.0.0' ],
61 silly audit   'shebang-regex': [ '3.0.0' ],
61 silly audit   sift: [ '17.1.3' ],
61 silly audit   'sonic-boom': [ '4.2.1' ],
61 silly audit   'sparse-bitfield': [ '3.0.3' ],
61 silly audit   split2: [ '4.2.0' ],
61 silly audit   string_decoder: [ '1.3.0' ],
61 silly audit   'strip-json-comments': [ '5.0.3' ],
61 silly audit   'thread-stream': [ '3.1.0' ],
61 silly audit   tr46: [ '5.1.1' ],
61 silly audit   tslib: [ '2.8.1' ],
61 silly audit   ttys: [ '0.0.3' ],
61 silly audit   typedarray: [ '0.0.6' ],
61 silly audit   'uint8array-extras': [ '1.5.0' ],
61 silly audit   undici: [ '7.24.3' ],
61 silly audit   'undici-types': [ '7.18.2' ],
61 silly audit   universalify: [ '2.0.1' ],
61 silly audit   'util-deprecate': [ '1.0.2' ],
61 silly audit   'web-streams-polyfill': [ '3.3.3' ],
61 silly audit   'webidl-conversions': [ '7.0.0' ],
61 silly audit   'whatwg-encoding': [ '3.1.1' ],
61 silly audit   'whatwg-mimetype': [ '4.0.0' ],
61 silly audit   'whatwg-url': [ '14.2.0' ],
61 silly audit   which: [ '2.0.2' ],
61 silly audit   'win-guid': [ '0.2.1' ],
61 silly audit   'wrap-ansi': [ '8.1.0', '7.0.0' ],
61 silly audit   wrappy: [ '1.0.2' ],
61 silly audit   ws: [ '8.19.0' ],
61 silly audit   'yt-search': [ '2.13.1' ],
61 silly audit   baileys: [ '7.0.0-rc.9' ],
61 silly audit   '@whiskeysockets/libsignal-node': [ '2.0.1' ],
61 silly audit   'whatsapp-rust-bridge': [ '0.5.2' ],
61 silly audit   'curve25519-js': [ '0.0.4' ],
61 silly audit   '@types/long': [ '4.0.2' ]
61 silly audit }
62 verbose reify failed optional dependency /home/container/node_modules/@img/sharp-win32-x64
63 silly reify mark deleted [ '/home/container/node_modules/@img/sharp-win32-x64' ]
64 verbose reify failed optional dependency /home/container/node_modules/@img/sharp-win32-ia32
65 silly reify mark deleted [ '/home/container/node_modules/@img/sharp-win32-ia32' ]
66 verbose reify failed optional dependency /home/container/node_modules/@img/sharp-win32-arm64
67 silly reify mark deleted [ '/home/container/node_modules/@img/sharp-win32-arm64' ]
68 verbose reify failed optional dependency /home/container/node_modules/@img/sharp-wasm32
69 silly reify mark deleted [ '/home/container/node_modules/@img/sharp-wasm32' ]
70 verbose reify failed optional dependency /home/container/node_modules/@emnapi/runtime
71 silly reify mark deleted [ '/home/container/node_modules/@emnapi/runtime' ]
72 verbose reify failed optional dependency /home/container/node_modules/@img/sharp-linuxmusl-arm64
73 silly reify mark deleted [ '/home/container/node_modules/@img/sharp-linuxmusl-arm64' ]
74 verbose reify failed optional dependency /home/container/node_modules/@img/sharp-linux-s390x
75 silly reify mark deleted [ '/home/container/node_modules/@img/sharp-linux-s390x' ]
76 verbose reify failed optional dependency /home/container/node_modules/@img/sharp-linux-riscv64
77 silly reify mark deleted [ '/home/container/node_modules/@img/sharp-linux-riscv64' ]
78 verbose reify failed optional dependency /home/container/node_modules/@img/sharp-linux-ppc64
79 silly reify mark deleted [ '/home/container/node_modules/@img/sharp-linux-ppc64' ]
80 verbose reify failed optional dependency /home/container/node_modules/@img/sharp-linux-arm64
81 silly reify mark deleted [ '/home/container/node_modules/@img/sharp-linux-arm64' ]
82 verbose reify failed optional dependency /home/container/node_modules/@img/sharp-linux-arm
83 silly reify mark deleted [ '/home/container/node_modules/@img/sharp-linux-arm' ]
84 verbose reify failed optional dependency /home/container/node_modules/@img/sharp-libvips-linuxmusl-arm64
85 silly reify mark deleted [ '/home/container/node_modules/@img/sharp-libvips-linuxmusl-arm64' ]
86 verbose reify failed optional dependency /home/container/node_modules/@img/sharp-libvips-linux-s390x
87 silly reify mark deleted [ '/home/container/node_modules/@img/sharp-libvips-linux-s390x' ]
88 verbose reify failed optional dependency /home/container/node_modules/@img/sharp-libvips-linux-riscv64
89 silly reify mark deleted [ '/home/container/node_modules/@img/sharp-libvips-linux-riscv64' ]
90 verbose reify failed optional dependency /home/container/node_modules/@img/sharp-libvips-linux-ppc64
91 silly reify mark deleted [ '/home/container/node_modules/@img/sharp-libvips-linux-ppc64' ]
92 verbose reify failed optional dependency /home/container/node_modules/@img/sharp-libvips-linux-arm64
93 silly reify mark deleted [ '/home/container/node_modules/@img/sharp-libvips-linux-arm64' ]
94 verbose reify failed optional dependency /home/container/node_modules/@img/sharp-libvips-linux-arm
95 silly reify mark deleted [ '/home/container/node_modules/@img/sharp-libvips-linux-arm' ]
96 verbose reify failed optional dependency /home/container/node_modules/@img/sharp-libvips-darwin-x64
97 silly reify mark deleted [ '/home/container/node_modules/@img/sharp-libvips-darwin-x64' ]
98 verbose reify failed optional dependency /home/container/node_modules/@img/sharp-libvips-darwin-arm64
99 silly reify mark deleted [ '/home/container/node_modules/@img/sharp-libvips-darwin-arm64' ]
100 verbose reify failed optional dependency /home/container/node_modules/@img/sharp-darwin-x64
101 silly reify mark deleted [ '/home/container/node_modules/@img/sharp-darwin-x64' ]
102 verbose reify failed optional dependency /home/container/node_modules/@img/sharp-darwin-arm64
103 silly reify mark deleted [ '/home/container/node_modules/@img/sharp-darwin-arm64' ]
104 http cache whatsapp-rust-bridge@https://registry.npmjs.org/whatsapp-rust-bridge/-/whatsapp-rust-bridge-0.5.2.tgz 1ms (cache hit)
105 http cache @emnapi/runtime@https://registry.npmjs.org/@emnapi/runtime/-/runtime-1.9.0.tgz 0ms (cache hit)
106 silly tarball no local data for whatsapp-rust-bridge@https://registry.npmjs.org/whatsapp-rust-bridge/-/whatsapp-rust-bridge-0.5.2.tgz. Extracting by manifest.
107 http fetch POST 200 https://registry.npmjs.org/-/npm/v1/security/advisories/bulk 504ms
108 silly audit report {
108 silly audit report   'file-type': [
108 silly audit report     {
108 silly audit report       id: 1114301,
108 silly audit report       url: 'https://github.com/advisories/GHSA-5v7r-6r5c-r473',
108 silly audit report       title: 'file-type affected by infinite loop in ASF parser on malformed input with zero-size sub-header',
108 silly audit report       severity: 'moderate',
108 silly audit report       vulnerable_versions: '>=13.0.0 <21.3.1',
108 silly audit report       cwe: [Array],
108 silly audit report       cvss: [Object]
108 silly audit report     }
108 silly audit report   ],
108 silly audit report   minimatch: [
108 silly audit report     {
108 silly audit report       id: 1113459,
108 silly audit report       url: 'https://github.com/advisories/GHSA-3ppc-4f35-3m26',
108 silly audit report       title: 'minimatch has a ReDoS via repeated wildcards with non-matching literal in pattern',
108 silly audit report       severity: 'high',
108 silly audit report       vulnerable_versions: '<3.1.3',
108 silly audit report       cwe: [Array],
108 silly audit report       cvss: [Object]
108 silly audit report     },
108 silly audit report     {
108 silly audit report       id: 1113538,
108 silly audit report       url: 'https://github.com/advisories/GHSA-7r86-cg39-jmmj',
108 silly audit report       title: 'minimatch has ReDoS: matchOne() combinatorial backtracking via multiple non-adjacent GLOBSTAR segments',
108 silly audit report       severity: 'high',
108 silly audit report       vulnerable_versions: '<3.1.3',
108 silly audit report       cwe: [Array],
108 silly audit report       cvss: [Object]
108 silly audit report     },
108 silly audit report     {
108 silly audit report       id: 1113546,
108 silly audit report       url: 'https://github.com/advisories/GHSA-23c5-xmqv-rm74',
108 silly audit report       title: 'minimatch ReDoS: nested *() extglobs generate catastrophically backtracking regular expressions',
108 silly audit report       severity: 'high',
108 silly audit report       vulnerable_versions: '<3.1.4',
108 silly audit report       cwe: [Array],
108 silly audit report       cvss: [Object]
108 silly audit report     }
108 silly audit report   ]
108 silly audit report }
109 silly packumentCache corgi:https://registry.npmjs.org/file-type cache-miss
110 silly packumentCache corgi:https://registry.npmjs.org/minimatch cache-miss
111 http cache https://registry.npmjs.org/file-type 2399ms (cache hit)
112 silly packumentCache corgi:https://registry.npmjs.org/file-type set size:194813 disposed:false
113 http cache https://registry.npmjs.org/minimatch 2411ms (cache hit)
114 silly packumentCache corgi:https://registry.npmjs.org/minimatch set size:167610 disposed:false
115 silly packumentCache corgi:https://registry.npmjs.org/redstar cache-miss
116 http cache https://registry.npmjs.org/redstar 302ms (cache hit)
117 silly packumentCache corgi:https://registry.npmjs.org/redstar set size:1262 disposed:false
118 silly packumentCache corgi:https://registry.npmjs.org/node-fzf cache-miss
119 http cache https://registry.npmjs.org/node-fzf 223ms (cache hit)
120 silly packumentCache corgi:https://registry.npmjs.org/node-fzf set size:42290 disposed:false
121 silly packumentCache corgi:https://registry.npmjs.org/yt-search cache-miss
122 http cache https://registry.npmjs.org/yt-search 265ms (cache hit)
123 silly packumentCache corgi:https://registry.npmjs.org/yt-search set size:126336 disposed:false
124 http fetch GET 200 https://codeload.github.com/whiskeysockets/libsignal-node/tar.gz/1c30d7d7e76a3b0aa120b04dc6a26f5a12dccf67 3789ms (cache miss)
125 silly packumentCache heap:614203392 maxSize:153550848 maxEntrySize:76775424
126 http fetch GET 200 https://registry.npmjs.org/whatsapp-rust-bridge/-/whatsapp-rust-bridge-0.5.2.tgz 5389ms (cache miss)
127 http fetch GET 200 https://codeload.github.com/WhiskeySockets/Baileys/tar.gz/c4e5d1262aa143dd4f3c2df94ca5537b8db2b3d7 11488ms (cache miss)
128 silly packumentCache heap:614203392 maxSize:153550848 maxEntrySize:76775424
129 info run baileys@7.0.0-rc.9 preinstall node_modules/baileys node ./engine-requirements.js
130 info run baileys@7.0.0-rc.9 preinstall { code: 0, signal: null }
131 silly ADD node_modules/whatsapp-rust-bridge
132 silly ADD
133 silly ADD
134 silly ADD
135 silly ADD
136 silly ADD
137 silly ADD
138 silly ADD
139 silly ADD
140 silly ADD
141 silly ADD
142 silly ADD
143 silly ADD
144 silly ADD
145 silly ADD
146 silly ADD
147 silly ADD
148 silly ADD
149 silly ADD
150 silly ADD
151 silly ADD
152 silly ADD
153 silly CHANGE node_modules/libsignal
154 silly CHANGE node_modules/baileys
155 verbose cwd /home/container
156 verbose os Linux 5.15.0-171-generic
157 verbose node v23.11.1
158 verbose npm  v10.9.2
159 verbose exit 0
160 info ok
